0.00580348 -0.95 -1.74339e-06 -0.949999
0.00580348 -0.95 -5.23043e-06 -0.949999
0.00580348 -0.95 -1.04619e-05 -0.949999
0.00580348 -0.95 -1.74391e-05 -0.949999
0.00580348 -0.95 -2.61639e-05 -0.949999
0.00580348 -0.95 -3.66387e-05 -0.949999
0.00580348 -0.95 -4.88662e-05 -0.949999
0.00580348 -0.95 -6.285e-05 -0.949999
0.00580348 -0.95 -7.8594e-05 -0.949999
0.00580348 -0.95 -9.61025e-05 -0.949999
0.00580348 -0.95 -0.000115381 -0.949999
0.00580348 -0.95 -0.000136434 -0.949999
0.00580348 -0.95 -0.000159269 -0.949999
0.00580348 -0.95 -0.000183891 -0.949999
0.00580348 -0.95 -0.000210308 -0.949999
0.00580348 -0.95 -0.000238528 -0.949999
0.00580348 -0.95 -0.000268559 -0.949999
0.00580348 -0.95 -0.000300409 -0.949999
0.00580348 -0.95 -0.000334088 -0.949999
0.00580348 -0.95 -0.000369606 -0.949999
0.00580348 -0.95 -0.000406972 -0.949999
0.00580348 -0.95 -0.000446199 -0.949999
0.00580348 -0.95 -0.000487298 -0.949999
0.00580348 -0.95 -0.000530279 -0.949999
0.00580348 -0.95 -0.000575158 -0.949999
0.00580348 -0.95 -0.000621945 -0.949999
0.00580348 -0.95 -0.000670656 -0.949999
0.00580348 -0.95 -0.000721304 -0.949999
0.00580348 -0.95 -0.000773905 -0.949999
0.00580348 -0.95 -0.000828473 -0.949999
0.00580348 -0.95 -0.000885026 -0.949999
0.00580348 -0.95 -0.000943579 -0.949999
0.00580348 -0.95 -0.00100415 -0.949999
0.00580348 -0.95 -0.00106676 -0.949999
0.00580348 -0.95 -0.00113142 -0.949999
0.00580348 -0.95 -0.00119816 -0.949999
0.00580348 -0.95 -0.00126698 -0.949999
0.00580348 -0.95 -0.00133793 -0.949999
0.00580348 -0.95 -0.001411 -0.949999
0.00580348 -0.95 -0.00148624 -0.949999
0.00580348 -0.95 -0.00156365 -0.949999
0.00580348 -0.95 -0.00164326 -0.949999
0.00580348 -0.95 -0.0017251 -0.949999
0.00580348 -0.95 -0.00180919 -0.949999
0.00580348 -0.95 -0.00189555 -0.949999
0.00580348 -0.95 -0.00198421 -0.949999
0.00580348 -0.95 -0.0020752 -0.95
0.00580348 -0.95 -0.00216854 -0.95
0.00580348 -0.95 -0.00226426 -0.95
0.00580348 -0.95 -0.00236239 -0.95
0.00580348 -0.95 -0.00246296 -0.95
0.00580348 -0.95 -0.00256599 -0.95
0.00580348 -0.95 -0.00267153 -0.95
0.00580348 -0.95 -0.0027796 -0.95
0.00580348 -0.95 -0.00289022 -0.95
0.00580348 -0.95 -0.00300345 -0.95
0.00580348 -0.95 -0.0031193 -0.95
0.00580348 -0.95 -0.00323781 -0.95
0.00580348 -0.95 -0.00335903 -0.95
0.00580348 -0.95 -0.00348297 -0.95
0.00580348 -0.95 -0.00360969 -0.95
0.00580348 -0.95 -0.00373922 -0.95
0.00580348 -0.95 -0.00387159 -0.95
0.00580348 -0.95 -0.00400685 -0.95
0.00580348 -0.95 -0.00414504 -0.95
0.00580348 -0.95 -0.00428619 -0.95
0.00580348 -0.95 -0.00443036 -0.95
0.00580348 -0.95 -0.00457757 -0.95
0.00580348 -0.95 -0.00472788 -0.95
0.00580348 -0.95 -0.00488134 -0.95
0.00580348 -0.95 -0.00503798 -0.95
0.00580348 -0.95 -0.00519785 -0.95
0.00580348 -0.95 -0.00536101 -0.95
0.00580348 -0.95 -0.00552749 -0.95
0.00580348 -0.95 -0.00569736 -0.95
0.00580348 -0.95 -0.00587065 -0.95
0.00580348 -0.95 -0.00604742 -0.95
0.00580348 -0.95 -0.00622773 -0.95
0.00580348 -0.95 -0.00641162 -0.95
0.00580348 -0.95 -0.00659916 -0.95
0.00580348 -0.95 -0.00679039 -0.95
0.00580348 -0.95 -0.00698538 -0.95
0.00580348 -0.95 -0.00718418 -0.95
0.00580348 -0.95 -0.00738685 -0.95
0.00580348 -0.95 -0.00759345 -0.95
0.00580348 -0.95 -0.00780405 -0.95
0.00580348 -0.95 -0.0080187 -0.95
0.00580348 -0.95 -0.00823747 -0.95
0.00580348 -0.95 -0.00846043 -0.95
0.00580348 -0.95 -0.00868764 -0.95
0.00580348 -0.95 -0.00891917 -0.95
0.00580348 -0.95 -0.00915508 -0.95
0.00580348 -0.95 -0.00939546 -0.95
0.00580348 -0.95 -0.00964036 -0.95
0.00580348 -0.95 -0.00988987 -0.95
0.00580348 -0.95 -0.010144 -0.95
0.00580348 -0.95 -0.010403 -0.95
0.00580348 -0.95 -0.0106667 -0.95
0.00580348 -0.95 -0.0109354 -0.95
0.00580348 -0.95 -0.0112091 -0.95
0.00580348 -0.95 -0.0114878 -0.95
0.00580348 -0.95 -0.0117717 -0.95
0.00580348 -0.95 -0.0120608 -0.95
0.00580348 -0.95 -0.0123553 -0.95
0.00580348 -0.95 -0.0126551 -0.95
0.00580348 -0.95 -0.0129605 -0.95
0.00580348 -0.95 -0.0132714 -0.95
0.00580348 -0.95 -0.013588 -0.95
0.00580348 -0.95 -0.0139104 -0.95
0.00580348 -0.95 -0.0142387 -0.95
0.00580348 -0.95 -0.014573 -0.95
0.00580348 -0.95 -0.0149133 -0.95
0.00580348 -0.95 -0.0152598 -0.95
0.00580348 -0.95 -0.0156125 -0.95
0.00580348 -0.95 -0.0159717 -0.95
0.00580348 -0.95 -0.0163373 -0.95
0.00580348 -0.95 -0.0167096 -0.95
0.00580348 -0.95 -0.0170885 -0.95
0.00580348 -0.95 -0.0174743 -0.95
0.00580348 -0.95 -0.0178669 -0.95
0.00580348 -0.95 -0.0182667 -0.95
0.00580348 -0.95 -0.0186736 -0.95
0.00580348 -0.95 -0.0190878 -0.95
0.00580348 -0.95 -0.0195094 -0.95
0.00580348 -0.95 -0.0199386 -0.95
0.00580348 -0.95 -0.0203754 -0.95
0.00580348 -0.95 -0.0208201 -0.95
0.00580348 -0.95 -0.0212726 -0.95
0.00580348 -0.95 -0.0217332 -0.95
0.00580348 -0.95 -0.0222021 -0.95
0.00580348 -0.95 -0.0226792 -0.95
0.00580348 -0.95 -0.0231649 -0.95
0.00580348 -0.95 -0.0236592 -0.95
0.00580348 -0.95 -0.0241622 -0.95
0.00580348 -0.95 -0.0246742 -0.95
0.00580348 -0.95 -0.0251953 -0.95
0.00580348 -0.95 -0.0257256 -0.95
0.00580348 -0.95 -0.0262653 -0.95
0.00580348 -0.95 -0.0268145 -0.95
0.00580348 -0.95 -0.0273735 -0.95
0.00580348 -0.95 -0.0279423 -0.95
0.00580348 -0.95 -0.0285212 -0.95
0.00580348 -0.95 -0.0291103 -0.95
0.00580348 -0.95 -0.0297099 -0.95
0.00580348 -0.95 -0.0303199 -0.95
0.00580348 -0.95 -0.0309408 -0.95
0.00580348 -0.95 -0.0315726 -0.95
0.00580348 -0.95 -0.0322155 -0.95
0.00580348 -0.95 -0.0328698 -0.95
0.00580348 -0.95 -0.0335356 -0.95
0.00580348 -0.95 -0.0342131 -0.95
0.00580348 -0.95 -0.0349025 -0.95
0.00580348 -0.95 -0.035604 -0.95
0.00580348 -0.95 -0.0363179 -0.95
0.00580348 -0.95 -0.0370443 -0.95
0.00580348 -0.95 -0.0377835 -0.95
0.00580348 -0.95 -0.0385356 -0.95
0.00580348 -0.95 -0.039301 -0.95
0.00580348 -0.95 -0.0400798 -0.95
-0.00804907 -0.95 -0.0408722 -0.95
-0.0160178 -0.95 -0.0401669 -0.95
-0.0238271 -0.95 -0.0394737 -0.95
-0.0314003 -0.95 -0.0387925 -0.95
-0.0386643 -0.95 -0.038123 -0.95
-0.0455509 -0.95 -0.0374651 -0.95
-0.0519978 -0.95 -0.0368186 -0.95
-0.0579502 -0.95 -0.0361832 -0.95
-0.0633617 -0.95 -0.0355588 -0.95
-0.0681953 -0.95 -0.0349451 -0.95
-0.0724253 -0.95 -0.034342 -0.95
-0.0760378 -0.95 -0.0337494 -0.95
-0.0790322 -0.95 -0.033167 -0.95
-0.0814228 -0.95 -0.0325946 -0.95
-0.083239 -0.95 -0.0320321 -0.95
-0.0845277 -0.95 -0.0314793 -0.95
-0.0853536 -0.95 -0.030936 -0.95
-0.0858008 -0.95 -0.0304022 -0.95
-0.0859741 -0.95 -0.0298775 -0.95
-0.086 -0.95 -0.0293619 -0.95
-0.00470989 -0.970486 -0.0288552 -0.95
-0.00470989 -0.970486 -0.0283558 -0.949994
-0.00470989 -0.970486 -0.0278636 -0.949981
-0.00470989 -0.970486 -0.0273784 -0.949963
-0.00470989 -0.970486 -0.0269001 -0.949938
-0.00470989 -0.970486 -0.0264286 -0.949908
-0.00470989 -0.970486 -0.0259636 -0.949871
-0.00470989 -0.970486 -0.0255051 -0.949827
-0.00470989 -0.970486 -0.0250529 -0.949778
-0.00470989 -0.970486 -0.0246069 -0.949723
-0.00470989 -0.970486 -0.024167 -0.949661
-0.00470989 -0.970486 -0.0237329 -0.949593
-0.00470989 -0.970486 -0.0233046 -0.949518
-0.00470989 -0.970486 -0.022882 -0.949438
-0.00470989 -0.970486 -0.0224649 -0.949351
-0.00470989 -0.970486 -0.0220532 -0.949258
-0.00470989 -0.970486 -0.0216468 -0.949158
-0.00470989 -0.970486 -0.0212455 -0.949052
-0.00470989 -0.970486 -0.0208492 -0.94894
-0.00470989 -0.970486 -0.0204579 -0.948821
-0.00470989 -0.970486 -0.0200713 -0.948695
-0.00470989 -0.970486 -0.0196895 -0.948563
-0.00470989 -0.970486 -0.0193121 -0.948425
-0.00470989 -0.970486 -0.0189393 -0.94828
-0.00470989 -0.970486 -0.0185707 -0.948128
-0.00470989 -0.970486 -0.0182064 -0.94797
-0.00470989 -0.970486 -0.0178462 -0.947804
-0.00470989 -0.970486 -0.0174899 -0.947633
-0.00470989 -0.970486 -0.0171376 -0.947454
-0.00470989 -0.970486 -0.0167891 -0.947268
-0.00470989 -0.970486 -0.0164442 -0.947075
-0.00470989 -0.970486 -0.0161029 -0.946876
-0.00470989 -0.970486 -0.0157651 -0.946669
-0.00470989 -0.970486 -0.0154307 -0.946455
-0.00470989 -0.970486 -0.0150995 -0.946234
-0.00470989 -0.970486 -0.0147715 -0.946006
-0.00470989 -0.970486 -0.0144466 -0.94577
-0.00470989 -0.970486 -0.0141246 -0.945527
-0.00470989 -0.970486 -0.0138056 -0.945277
-0.00470989 -0.970486 -0.0134893 -0.945019
-0.00470989 -0.970486 -0.0131756 -0.944754
-0.00470989 -0.970486 -0.0128646 -0.94448
-0.00470989 -0.970486 -0.0125561 -0.944199
-0.00470989 -0.970486 -0.01225 -0.94391
-0.00470989 -0.970486 -0.0119462 -0.943614
-0.00470989 -0.970486 -0.0116446 -0.943309
-0.00470989 -0.970486 -0.0113451 -0.942996
-0.00470989 -0.970486 -0.0110477 -0.942674
-0.00470989 -0.970486 -0.0107522 -0.942345
-0.00470989 -0.970486 -0.0104586 -0.942007
-0.00470989 -0.970486 -0.0101668 -0.941661
-0.00470989 -0.970486 -0.00987664 -0.941306
-0.00470989 -0.970486 -0.00958807 -0.940942
-0.00470989 -0.970486 -0.00930102 -0.940569
-0.00470989 -0.970486 -0.00901539 -0.940188
-0.00470989 -0.970486 -0.0087311 -0.939797
-0.00470989 -0.970486 -0.00844805 -0.939398
-0.00470989 -0.970486 -0.00816618 -0.938989
-0.00470989 -0.970486 -0.00788538 -0.93857
-0.00470989 -0.970486 -0.00760558 -0.938143
-0.00470989 -0.970486 -0.00732669 -0.937705
-0.00470989 -0.970486 -0.00704863 -0.937258
-0.00470989 -0.970486 -0.00677131 -0.9368
-0.00470989 -0.970486 -0.00649466 -0.936333
-0.00470989 -0.970486 -0.00621858 -0.935856
-0.00470989 -0.970486 -0.005943 -0.935368
-0.00470989 -0.970486 -0.00566783 -0.93487
-0.00470989 -0.970486 -0.00539299 -0.934361
-0.00470989 -0.970486 -0.00511839 -0.933841
-0.00470989 -0.970486 -0.00484396 -0.93331
-0.00470989 -0.970486 -0.00456961 -0.932769
-0.00470989 -0.970486 -0.00429526 -0.932216
-0.00470989 -0.970486 -0.00402083 -0.931651
-0.00470989 -0.970486 -0.00374623 -0.931076
-0.00470989 -0.970486 -0.00347139 -0.930488
-0.00470989 -0.970486 -0.00319621 -0.929888
-0.00470989 -0.970486 -0.00292062 -0.929276
-0.00470989 -0.970486 -0.00264453 -0.928652
-0.00470989 -0.970486 -0.00236787 -0.928016
-0.00470989 -0.970486 -0.00209054 -0.927367
-0.00470989 -0.970486 -0.00181247 -0.926705
-0.00470989 -0.970486 -0.00153356 -0.92603
-0.00470989 -0.970486 -0.00125375 -0.925341
-0.00470989 -0.970486 -0.000972942 -0.92464
-0.00470989 -0.970486 -0.000691053 -0.923924
-0.00470989 -0.970486 -0.000407999 -0.923195
-0.00470989 -0.970486 -0.000123694 -0.922452
-0.00470989 -0.970486 0.000161944 -0.921694
-0.00470989 -0.970486 0.000449004 -0.920922
-0.00470989 -0.970486 0.00073757 -0.920134
-0.00470989 -0.970486 0.00102773 -0.919332
-0.00470989 -0.970486 0.00131957 -0.918515
-0.00470989 -0.970486 0.00161317 -0.917682
-0.00470989 -0.970486 0.00190863 -0.916834
-0.00470989 -0.970486 0.00220604 -0.915969
-0.00470989 -0.970486 0.00250548 -0.915089
-0.00470989 -0.970486 0.00280704 -0.914191
-0.00470989 -0.970486 0.00311081 -0.913277
-0.00470989 -0.970486 0.00341689 -0.912346
-0.00470989 -0.970486 0.00372536 -0.911398
-0.00470989 -0.970486 0.00403632 -0.910432
-0.00470989 -0.970486 0.00434986 -0.909448
-0.00470989 -0.970486 0.00466607 -0.908446
-0.00470989 -0.970486 0.00498506 -0.907425
-0.00470989 -0.970486 0.0053069 -0.906386
-0.00470989 -0.970486 0.00563171 -0.905327
-0.00470989 -0.970486 0.00595958 -0.904249
-0.00470989 -0.970486 0.0062906 -0.903152
-0.00470989 -0.970486 0.00662488 -0.902034
-0.00470989 -0.970486 0.00696251 -0.900896
-0.00470989 -0.970486 0.00730359 -0.899737
-0.00470989 -0.970486 0.00764824 -0.898557
-0.00470989 -0.970486 0.00799654 -0.897356
-0.00470989 -0.970486 0.00834861 -0.896133
-0.00470989 -0.970486 0.00870455 -0.894887
-0.00470989 -0.970486 0.00906447 -0.89362
-0.00470989 -0.970486 0.00942847 -0.892329
-0.00470989 -0.970486 0.00979666 -0.891015
-0.00470989 -0.970486 0.0101692 -0.889677
-0.00470989 -0.970486 0.0105461 -0.888315
-0.00470989 -0.970486 0.0109275 -0.886929
-0.00470989 -0.970486 0.0113136 -0.885518
-0.00470989 -0.970486 0.0117044 -0.884082
-0.00470989 -0.970486 0.0121001 -0.88262
-0.00470989 -0.970486 0.0125008 -0.881131
-0.00470989 -0.970486 0.0129066 -0.879616
-0.00470989 -0.970486 0.0133176 -0.878074
-0.00470989 -0.970486 0.013734 -0.876505
-0.00470989 -0.970486 0.0141559 -0.874907
-0.00470989 -0.970486 0.0145833 -0.873281
-0.00470989 -0.970486 0.0150165 -0.871626
-0.00470989 -0.970486 0.0154556 -0.869942
-0.00470989 -0.970486 0.0159006 -0.868227
-0.00470989 -0.970486 0.0163518 -0.866483
-0.00470989 -0.970486 0.0168093 -0.864707
-0.00470989 -0.970486 0.0172731 -0.862899
-0.00470989 -0.970486 0.0177434 -0.86106
-0.00470989 -0.970486 0.0182205 -0.859188
-0.00470989 -0.970486 0.0187043 -0.857283
-0.00470989 -0.970486 0.0191952 -0.855344
-0.00470989 -0.970486 0.0196931 -0.853371
-0.00470989 -0.970486 0.0201983 -0.851363
-0.00470989 -0.970486 0.0207108 -0.849319
-0.00470989 -0.970486 0.021231 -0.84724
-0.00470989 -0.970486 0.0217588 -0.845124
-0.00470989 -0.970486 0.0222946 -0.84297
-0.00470989 -0.970486 0.0228383 -0.840778
-0.00470989 -0.970486 0.0233903 -0.838548
-0.00470989 -0.970486 0.0239506 -0.836278
-0.00470989 -0.970486 0.0245194 -0.833969
-0.00470989 -0.970486 0.025097 -0.831619
-0.00470989 -0.970486 0.0256834 -0.829227
-0.00470989 -0.970486 0.0262788 -0.826794
-0.00470989 -0.970486 0.0268835 -0.824317
-0.00470989 -0.970486 0.0274976 -0.821797
-0.00470989 -0.970486 0.0281212 -0.819233
-0.00470989 -0.970486 0.0287546 -0.816624
-0.00470989 -0.970486 0.029398 -0.813968
-0.00470989 -0.970486 0.0300515 -0.811267
-0.00470989 -0.970486 0.0307154 -0.808517
-0.0859719 -0.949934 0.0313898 -0.80572
-0.085784 -0.949494 0.0320749 -0.802874
-0.085299 -0.948357 0.032771 -0.799977
-0.0844035 -0.946258 0.0334783 -0.79703
-0.0830062 -0.942983 0.0341969 -0.794031
-0.0810367 -0.938366 0.0349271 -0.79098
-0.0784446 -0.93229 0.0356691 -0.787875
-0.0751976 -0.92468 0.0364231 -0.784715
-0.0712805 -0.915498 0.0371893 -0.781501
-0.0666938 -0.904747 0.0379681 -0.77823
-0.0614525 -0.892461 0.0387595 -0.774902
-0.0555847 -0.878707 0.0395639 -0.771515
-0.0491303 -0.863579 0.0403814 -0.76807
-0.0421397 -0.847193 0.0412124 -0.764564
-0.0346723 -0.829689 0.042057 -0.760996
-0.0267958 -0.811227 0.0429156 -0.757367
-0.0185839 -0.791979 0.0437883 -0.753674
-0.010116 -0.77213 0.0446755 -0.749916
-0.00147524 -0.751876 0.0455774 -0.746092
0.00725263 -0.731419 0.0464942 -0.742202
0.015976 -0.710961 0.0474263 -0.738244
0.0246164 -0.690708 0.0483423 -0.734354
0.033084 -0.670859 0.0492425 -0.730531
0.0412955 -0.651611 0.0501272 -0.726774
0.0491717 -0.633149 0.0509966 -0.723082
0.0566387 -0.615645 0.051851 -0.719454
0.063629 -0.59926 0.0526906 -0.715888
0.0700832 -0.584131 0.0535158 -0.712384
0.0759507 -0.570377 0.0543267 -0.70894
0.0811917 -0.558091 0.0551236 -0.705556
0.0857782 -0.54734 0.0559068 -0.70223
0.0896952 -0.538159 0.0566765 -0.698962
0.0929421 -0.530548 0.0574328 -0.69575
0.0955341 -0.524472 0.0581762 -0.692593
0.0975034 -0.519856 0.0589066 -0.689491
0.0989007 -0.51658 0.0596245 -0.686443
0.0997962 -0.514481 0.06033 -0.683447
0.100281 -0.513345 0.0610234 -0.680502
0.100469 -0.512904 0.0617047 -0.677609
0.100497 -0.512838 0.0623743 -0.674765
0.104793 -0.512126 0.0630324 -0.671971
0.104793 -0.512126 0.0636778 -0.669225
0.104793 -0.512126 0.0643107 -0.666526
0.104793 -0.512126 0.0649314 -0.663875
0.104793 -0.512126 0.06554 -0.661269
0.104793 -0.512126 0.0661368 -0.658709
0.104793 -0.512126 0.0667218 -0.656193
0.104793 -0.512126 0.0672953 -0.65372
0.104793 -0.512126 0.0678575 -0.651291
0.104793 -0.512126 0.0684085 -0.648903
0.104793 -0.512126 0.0689484 -0.646558
0.104793 -0.512126 0.0694776 -0.644252
0.104793 -0.512126 0.069996 -0.641987
0.104793 -0.512126 0.0705039 -0.639762
0.104793 -0.512126 0.0710014 -0.637575
0.104793 -0.512126 0.0714887 -0.635426
0.104793 -0.512126 0.0719659 -0.633314
0.104793 -0.512126 0.0724332 -0.631239
0.104793 -0.512126 0.0728907 -0.6292
0.104793 -0.512126 0.0733385 -0.627197
0.104793 -0.512126 0.0737769 -0.625228
0.104793 -0.512126 0.0742058 -0.623294
0.104793 -0.512126 0.0746255 -0.621393
0.104793 -0.512126 0.0750361 -0.619526
0.104793 -0.512126 0.0754376 -0.617691
0.104793 -0.512126 0.0758303 -0.615888
0.104793 -0.512126 0.0762142 -0.614117
0.104793 -0.512126 0.0765895 -0.612376
0.104793 -0.512126 0.0769563 -0.610666
0.104793 -0.512126 0.0773146 -0.608986
0.104793 -0.512126 0.0776646 -0.607335
0.104793 -0.512126 0.0780064 -0.605713
0.104793 -0.512126 0.0783402 -0.604119
0.104793 -0.512126 0.0786659 -0.602553
0.104793 -0.512126 0.0789837 -0.601015
0.104793 -0.512126 0.0792937 -0.599503
0.104793 -0.512126 0.0795961 -0.598018
0.104793 -0.512126 0.0798908 -0.596559
0.104793 -0.512126 0.0801779 -0.595125
0.104793 -0.512126 0.0804577 -0.593717
0.104793 -0.512126 0.0807301 -0.592334
0.104793 -0.512126 0.0809952 -0.590974
0.104793 -0.512126 0.0812531 -0.589639
0.104793 -0.512126 0.0815039 -0.588327
0.104793 -0.512126 0.0817477 -0.587038
0.104793 -0.512126 0.0819845 -0.585772
0.104793 -0.512126 0.0822145 -0.584528
0.104793 -0.512126 0.0824376 -0.583306
0.104793 -0.512126 0.082654 -0.582106
0.104793 -0.512126 0.0828637 -0.580927
0.104793 -0.512126 0.0830667 -0.579769
0.104793 -0.512126 0.0832632 -0.578631
0.104793 -0.512126 0.0834533 -0.577513
0.104793 -0.512126 0.0836368 -0.576416
0.104793 -0.512126 0.083814 -0.575337
0.104793 -0.512126 0.0839849 -0.574278
0.104793 -0.512126 0.0841495 -0.573238
0.104793 -0.512126 0.0843078 -0.572216
0.104793 -0.512126 0.08446 -0.571212
0.104793 -0.512126 0.0846061 -0.570227
0.104793 -0.512126 0.084746 -0.569258
0.104793 -0.512126 0.08488 -0.568308
0.104793 -0.512126 0.0850079 -0.567374
0.104793 -0.512126 0.0851298 -0.566457
0.104793 -0.512126 0.0852459 -0.565556
0.104793 -0.512126 0.085356 -0.564672
0.104793 -0.512126 0.0854603 -0.563803
0.104793 -0.512126 0.0855587 -0.56295
0.104793 -0.512126 0.0856514 -0.562113
0.104793 -0.512126 0.0857383 -0.561291
0.104793 -0.512126 0.0858195 -0.560483
0.104793 -0.512126 0.0858949 -0.559691
0.104793 -0.512126 0.0859647 -0.558912
0.104793 -0.512126 0.0860288 -0.558148
0.104793 -0.512126 0.0860873 -0.557398
0.104793 -0.512126 0.0861401 -0.556661
0.104793 -0.512126 0.0861873 -0.555938
0.104793 -0.512126 0.0862289 -0.555229
0.104793 -0.512126 0.0862649 -0.554532
0.104793 -0.512126 0.0862954 -0.553848
0.104793 -0.512126 0.0863203 -0.553177
0.104793 -0.512126 0.0863397 -0.552518
0.104793 -0.512126 0.0863535 -0.551871
0.104793 -0.512126 0.0863617 -0.551237
0.104793 -0.512126 0.0863644 -0.550614
0.104793 -0.512126 0.0863616 -0.550003
0.104793 -0.512126 0.0863533 -0.549404
0.104793 -0.512126 0.0863394 -0.548815
0.104793 -0.512126 0.0863199 -0.548238
0.104793 -0.512126 0.086295 -0.547672
0.104793 -0.512126 0.0862644 -0.547117
0.104793 -0.512126 0.0862283 -0.546572
0.104793 -0.512126 0.0861867 -0.546037
0.104793 -0.512126 0.0861394 -0.545513
0.104793 -0.512126 0.0860866 -0.544999
0.104793 -0.512126 0.0860281 -0.544495
0.104793 -0.512126 0.085964 -0.544001
0.104793 -0.512126 0.0858943 -0.543516
0.104793 -0.512126 0.0858189 -0.543041
0.104793 -0.512126 0.0857378 -0.542575
0.104793 -0.512126 0.085651 -0.542119
0.104793 -0.512126 0.0855585 -0.541671
0.104793 -0.512126 0.0854602 -0.541233
0.104793 -0.512126 0.0853561 -0.540803
0.104793 -0.512126 0.0852462 -0.540382
0.104793 -0.512126 0.0851304 -0.539969
0.104793 -0.512126 0.0850087 -0.539565
0.104793 -0.512126 0.0848812 -0.539169
0.104793 -0.512126 0.0847476 -0.538782
0.104793 -0.512126 0.0846081 -0.538402
0.104793 -0.512126 0.0844625 -0.538031
0.104793 -0.512126 0.0843108 -0.537667
0.104793 -0.512126 0.084153 -0.537311
0.104793 -0.512126 0.083989 -0.536962
0.104793 -0.512126 0.0838188 -0.536622
0.104793 -0.512126 0.0836423 -0.536288
0.104793 -0.512126 0.0834595 -0.535962
0.104793 -0.512126 0.0832703 -0.535643
0.104793 -0.512126 0.0830746 -0.535331
0.104793 -0.512126 0.0828725 -0.535026
0.104793 -0.512126 0.0826638 -0.534728
0.104793 -0.512126 0.0824485 -0.534437
0.104793 -0.512126 0.0822266 -0.534153
0.104793 -0.512126 0.0819978 -0.533875
0.104793 -0.512126 0.0817623 -0.533604
0.104793 -0.512126 0.0815199 -0.53334
0.104793 -0.512126 0.0812705 -0.533082
0.104793 -0.512126 0.0810141 -0.53283
0.104793 -0.512126 0.0807506 -0.532584
0.104793 -0.512126 0.0804799 -0.532345
0.104793 -0.512126 0.0802019 -0.532111
0.104793 -0.512126 0.0799166 -0.531884
0.104793 -0.512126 0.0796239 -0.531663
0.104793 -0.512126 0.0793236 -0.531448
0.104793 -0.512126 0.0790158 -0.531238
0.104793 -0.512126 0.0787002 -0.531034
0.104793 -0.512126 0.0783769 -0.530836
0.104793 -0.512126 0.0780457 -0.530644
0.104793 -0.512126 0.0777065 -0.530457
0.104793 -0.512126 0.0773592 -0.530276
0.104793 -0.512126 0.0770037 -0.5301
0.104793 -0.512126 0.0766399 -0.529929
0.104793 -0.512126 0.0762677 -0.529764
0.104793 -0.512126 0.075887 -0.529605
0.104793 -0.512126 0.0754977 -0.52945
0.104793 -0.512126 0.0750996 -0.529301
0.104793 -0.512126 0.0746927 -0.529157
0.104793 -0.512126 0.0742768 -0.529018
0.104793 -0.512126 0.0738517 -0.528885
0.104793 -0.512126 0.0734175 -0.528756
0.104793 -0.512126 0.0729739 -0.528632
0.104793 -0.512126 0.0725208 -0.528513
0.104793 -0.512126 0.0720581 -0.5284
0.104793 -0.512126 0.0715856 -0.528291
0.104793 -0.512126 0.0711032 -0.528187
0.104793 -0.512126 0.0706107 -0.528088
0.104793 -0.512126 0.0701081 -0.527993
0.104793 -0.512126 0.0695951 -0.527904
0.104793 -0.512126 0.0690717 -0.527819
0.104793 -0.512126 0.0685375 -0.527739
0.100483 -0.512841 0.0679926 -0.527663
0.100391 -0.512856 0.0674367 -0.527593
0.100153 -0.512895 0.0668696 -0.527527
0.0997139 -0.512968 0.0662913 -0.527465
0.0990284 -0.513082 0.0657014 -0.527409
0.0980622 -0.513242 0.0650999 -0.527356
0.0967905 -0.513453 0.0644866 -0.527309
0.0951976 -0.513717 0.0638613 -0.527266
0.0932759 -0.514035 0.0632237 -0.527227
0.0910257 -0.514408 0.0625738 -0.527193
0.0884544 -0.514835 0.0619113 -0.527164
0.0855757 -0.515312 0.061236 -0.527139
0.0824093 -0.515837 0.0605477 -0.527119
0.0789797 -0.516405 0.0598462 -0.527103
0.0753164 -0.517012 0.0591314 -0.527091
0.0714522 -0.517653 0.0584029 -0.527084
0.0674236 -0.518321 0.0576606 -0.527082
0.0632693 -0.519009 0.0569042 -0.527084
0.0590302 -0.519712 0.0561336 -0.527091
0.0547484 -0.520422 0.0553485 -0.527102
0.104682 -0.512145 0.0545486 -0.527117
0.103973 -0.512262 0.0537626 -0.527133
0.102244 -0.512549 0.0529901 -0.527148
0.099245 -0.513046 0.0522309 -0.527163
0.0948773 -0.51377 0.0514848 -0.527177
0.0891714 -0.514716 0.0507517 -0.527191
0.0822657 -0.515861 0.0500311 -0.527206
0.0743847 -0.517167 0.049323 -0.527219
0.0658176 -0.518587 0.0486272 -0.527233
0.0568966 -0.520066 0.0479433 -0.527246
0.0479756 -0.521545 0.0472712 -0.527259
0.0394085 -0.522965 0.0466108 -0.527272
0.0315275 -0.524271 0.0459617 -0.527285
0.0246218 -0.525416 0.0453238 -0.527297
0.0189159 -0.526362 0.044697 -0.52731
0.0145482 -0.527086 0.0440809 -0.527322
0.011549 -0.527583 0.0434755 -0.527333
0.00981978 -0.52787 0.0428805 -0.527345
0.00911073 -0.527987 0.0422958 -0.527356
0.00899979 -0.528006 0.0417212 -0.527368
0.00899979 -0.528006 0.0411565 -0.527379
0.00899979 -0.528006 0.0406016 -0.527389
0.00899979 -0.528006 0.0400562 -0.5274
0.00899979 -0.528006 0.0395203 -0.52741
0.00899979 -0.528006 0.0389936 -0.527421
0.00899979 -0.528006 0.038476 -0.527431
0.00899979 -0.528006 0.0379673 -0.527441
0.00899979 -0.528006 0.0374674 -0.527451
0.00899979 -0.528006 0.0369761 -0.52746
0.00899979 -0.528006 0.0364933 -0.52747
0.00899979 -0.528006 0.0360188 -0.527479
0.00899979 -0.528006 0.0355525 -0.527488
0.00899979 -0.528006 0.0350943 -0.527497
0.00899979 -0.528006 0.034644 -0.527506
0.00899979 -0.528006 0.0342014 -0.527514
0.00899979 -0.528006 0.0337665 -0.527523
0.00899979 -0.528006 0.0333391 -0.527531
0.00899978 -0.528006 0.0329191 -0.527539
0.00899978 -0.528006 0.0325063 -0.527547
0.00899978 -0.528006 0.0321006 -0.527555
0.00899978 -0.528006 0.031702 -0.527563
0.00899978 -0.528006 0.0313102 -0.527571
0.00899978 -0.528006 0.0309252 -0.527578
0.00899978 -0.528006 0.0305468 -0.527585
0.00899978 -0.528006 0.0301749 -0.527593
0.00899978 -0.528006 0.0298095 -0.5276
0.00899978 -0.528006 0.0294504 -0.527607
0.00899978 -0.528006 0.0290975 -0.527614
0.00899978 -0.528006 0.0287506 -0.527621
0.00899978 -0.528006 0.0284098 -0.527627
0.00899978 -0.528006 0.0280748 -0.527634
0.00899978 -0.528006 0.0277456 -0.52764
0.00899978 -0.528006 0.0274221 -0.527646
0.00899978 -0.528006 0.0271042 -0.527653
0.00899978 -0.528006 0.0267918 -0.527659
0.00899978 -0.528006 0.0264847 -0.527665
0.00899977 -0.528006 0.026183 -0.527671
0.00899977 -0.528006 0.0258864 -0.527676
0.00899977 -0.528006 0.025595 -0.527682
0.00899977 -0.528006 0.0253086 -0.527688
0.00899977 -0.528006 0.0250272 -0.527693
0.00899977 -0.528006 0.0247506 -0.527699
0.00899977 -0.528006 0.0244788 -0.527704
0.00899977 -0.528006 0.0242116 -0.527709
0.00899977 -0.528006 0.0239491 -0.527714
0.00899977 -0.528006 0.0236911 -0.527719
0.00899976 -0.528006 0.0234376 -0.527724
0.00899976 -0.528006 0.0231884 -0.527729
0.00899976 -0.528006 0.0229436 -0.527734
0.00899976 -0.528006 0.0227029 -0.527738
0.00899976 -0.528006 0.0224664 -0.527743
0.00899976 -0.528006 0.022234 -0.527748
0.00899976 -0.528006 0.0220057 -0.527752
0.00899975 -0.528006 0.0217812 -0.527756
0.00899975 -0.528006 0.0215606 -0.527761
0.00899975 -0.528006 0.0213439 -0.527765
0.00899975 -0.528006 0.0211308 -0.527769
0.00899975 -0.528006 0.0209215 -0.527773
0.00899975 -0.528006 0.0207157 -0.527777
0.00899975 -0.528006 0.0205136 -0.527781
0.00899974 -0.528006 0.0203149 -0.527785
0.00899974 -0.528006 0.0201196 -0.527789
0.00899974 -0.528006 0.0199277 -0.527793
0.00899974 -0.528006 0.0197391 -0.527796
0.00899974 -0.528006 0.0195538 -0.5278
0.00899974 -0.528006 0.0193716 -0.527803
0.00899974 -0.528006 0.0191926 -0.527807
0.00899973 -0.528006 0.0190167 -0.52781
0.00899973 -0.528006 0.0188439 -0.527814
0.00899973 -0.528006 0.018674 -0.527817
0.00899973 -0.528006 0.018507 -0.52782
0.00899973 -0.528006 0.018343 -0.527823
0.00899973 -0.528006 0.0181817 -0.527827
0.00899972 -0.528006 0.0180233 -0.52783
0.00899972 -0.528006 0.0178675 -0.527833
0.00899972 -0.528006 0.0177145 -0.527836
0.00899972 -0.528006 0.0175641 -0.527839
0.00899972 -0.528006 0.0174163 -0.527842
0.00899971 -0.528006 0.0172711 -0.527844
0.00899971 -0.528006 0.0171283 -0.527847
0.00899971 -0.528006 0.016988 -0.52785
0.00899971 -0.528006 0.0168502 -0.527853
0.00899971 -0.528006 0.0167147 -0.527855
0.00899971 -0.528006 0.0165816 -0.527858
0.0089997 -0.528006 0.0164507 -0.52786
0.0089997 -0.528006 0.0163221 -0.527863
0.0089997 -0.528006 0.0161958 -0.527865
0.0089997 -0.528006 0.0160716 -0.527868
0.0089997 -0.528006 0.0159495 -0.52787
0.0089997 -0.528006 0.0158296 -0.527872
0.00899969 -0.528006 0.0157117 -0.527875
